app/build/outputs/logs/manifest-merger-debug-report.txt
-- Merging decision tree log ---
manifest
ADDED from src\main\AndroidManifest.xml:2:1-137:12
	package
		ADDED from src\main\AndroidManifest.xml:4:5-33
		INJECTED from src\main\AndroidManifest.xml
		INJECTED from src\main\AndroidManifest.xml
	android:versionName
		ADDED from src\main\AndroidManifest.xml:6:5-30
		INJECTED from src\main\AndroidManifest.xml
		INJECTED from src\main\AndroidManifest.xml
	xmlns:tools
		ADDED from src\main\AndroidManifest.xml:3:5-51
	android:versionCode
		ADDED from src\main\AndroidManifest.xml:5:5-28
		INJECTED from src\main\AndroidManifest.xml
		INJECTED from src\main\AndroidManifest.xml
	xmlns:android
		ADDED from src\main\AndroidManifest.xml:2:11-69
uses-sdk
ADDED from src\main\AndroidManifest.xml:8:5-10:41
MERGED from [com.auth0.android:lock:2.0.0] AndroidManifest.xml:8:5-10:41
MERGED from [com.android.support:percent:24.2.1] AndroidManifest.xml:20:5-43
MERGED from [com.android.support:design:24.2.1] AndroidManifest.xml:20:5-43
MERGED from [com.android.support:recyclerview-v7:24.2.1] AndroidManifest.xml:20:5-43
MERGED from [com.auth0.android:auth0:1.0.0] AndroidManifest.xml:31:5-33:41
MERGED from [com.android.support:appcompat-v7:24.2.1] AndroidManifest.xml:21:5-23:78
MERGED from [com.android.support:support-v4:24.2.1] AndroidManifest.xml:21:5-23:54
MERGED from [com.android.support:support-fragment:24.2.1] AndroidManifest.xml:21:5-23:60
MERGED from [com.android.support:support-media-compat:24.2.1] AndroidManifest.xml:21:5-23:63
MERGED from [com.android.support:support-core-ui:24.2.1] AndroidManifest.xml:21:5-23:58
MERGED from [com.android.support:support-core-utils:24.2.1] AndroidManifest.xml:21:5-23:61
MERGED from [com.android.support:animated-vector-drawable:24.2.1] AndroidManifest.xml:20:5-44
MERGED from [com.android.support:support-vector-drawable:24.2.1] AndroidManifest.xml:21:5-43
MERGED from [com.android.support:support-compat:24.2.1] AndroidManifest.xml:21:5-23:58
	tools:overrideLibrary
		ADDED from [com.android.support:appcompat-v7:24.2.1] AndroidManifest.xml:23:9-75
	android:targetSdkVersion
		ADDED from src\main\AndroidManifest.xml:10:9-38
		INJECTED from src\main\AndroidManifest.xml
		INJECTED from src\main\AndroidManifest.xml
	android:minSdkVersion
		ADDED from src\main\AndroidManifest.xml:9:9-34
		INJECTED from src\main\AndroidManifest.xml
		INJECTED from src\main\AndroidManifest.xml
uses-permission#android.permission.WRITE_EXTERNAL_STORAGE
ADDED from src\main\AndroidManifest.xml:12:5-81
	android:name
		ADDED from src\main\AndroidManifest.xml:12:22-78
uses-permission#android.permission.INTERNET
ADDED from src\main\AndroidManifest.xml:13:5-67
	android:name
		ADDED from src\main\AndroidManifest.xml:13:22-64
uses-permission#android.permission.ACCESS_NETWORK_STATE
ADDED from src\main\AndroidManifest.xml:14:5-79
	android:name
		ADDED from src\main\AndroidManifest.xml:14:22-76
android:uses-permission#android.permission.READ_PHONE_STATE
ADDED from src\main\AndroidManifest.xml:16:5-83
	android:name
		ADDED from src\main\AndroidManifest.xml:16:30-80
android:uses-permission#android.permission.READ_EXTERNAL_STORAGE
ADDED from src\main\AndroidManifest.xml:17:5-88
	android:name
		ADDED from src\main\AndroidManifest.xml:17:30-85
uses-permission#android.permission.GET_ACCOUNTS
ADDED from src\main\AndroidManifest.xml:20:5-71
	android:name
		ADDED from src\main\AndroidManifest.xml:20:22-68
uses-permission#android.permission.READ_PROFILE
ADDED from src\main\AndroidManifest.xml:21:5-71
	android:name
		ADDED from src\main\AndroidManifest.xml:21:22-68
uses-permission#android.permission.READ_CONTACTS
ADDED from src\main\AndroidManifest.xml:22:5-72
	android:name
		ADDED from src\main\AndroidManifest.xml:22:22-69
application
ADDED from src\main\AndroidManifest.xml:24:5-135:19
MERGED from [com.android.support:percent:24.2.1] AndroidManifest.xml:22:5-20
MERGED from [com.android.support:design:24.2.1] AndroidManifest.xml:22:5-20
MERGED from [com.android.support:appcompat-v7:24.2.1] AndroidManifest.xml:25:5-20
MERGED from [com.android.support:support-v4:24.2.1] AndroidManifest.xml:25:5-20
MERGED from [com.android.support:support-fragment:24.2.1] AndroidManifest.xml:25:5-20
MERGED from [com.android.support:support-media-compat:24.2.1] AndroidManifest.xml:25:5-20
MERGED from [com.android.support:support-core-ui:24.2.1] AndroidManifest.xml:25:5-20
MERGED from [com.android.support:support-core-utils:24.2.1] AndroidManifest.xml:25:5-20
MERGED from [com.android.support:animated-vector-drawable:24.2.1] AndroidManifest.xml:22:5-20
MERGED from [com.android.support:support-vector-drawable:24.2.1] AndroidManifest.xml:23:5-20
MERGED from [com.android.support:support-compat:24.2.1] AndroidManifest.xml:25:5-20
	android:label
		ADDED from src\main\AndroidManifest.xml:27:9-52
	android:supportsRtl
		ADDED from src\main\AndroidManifest.xml:28:9-35
	android:hardwareAccelerated
		ADDED from src\main\AndroidManifest.xml:25:9-43
	tools:ignore
		ADDED from src\main\AndroidManifest.xml:30:9-35
	android:icon
		ADDED from src\main\AndroidManifest.xml:26:9-45
	android:theme
		ADDED from src\main\AndroidManifest.xml:29:9-40
activity#com.dianet.efd_app.StartActivity
ADDED from src\main\AndroidManifest.xml:31:9-39:20
	android:noHistory
		ADDED from src\main\AndroidManifest.xml:33:13-37
	android:name
		ADDED from src\main\AndroidManifest.xml:32:13-42
intent-filter#android.intent.action.MAIN+android.intent.category.LAUNCHER
ADDED from src\main\AndroidManifest.xml:34:13-38:29
action#android.intent.action.MAIN
ADDED from src\main\AndroidManifest.xml:35:17-69
	android:name
		ADDED from src\main\AndroidManifest.xml:35:25-66
category#android.intent.category.LAUNCHER
ADDED from src\main\AndroidManifest.xml:37:17-77
	android:name
		ADDED from src\main\AndroidManifest.xml:37:27-74
activity#com.auth0.android.lock.LockActivity
ADDED from src\main\AndroidManifest.xml:40:9-57:20
	android:screenOrientation
		ADDED from src\main\AndroidManifest.xml:44:13-49
	android:label
		ADDED from src\main\AndroidManifest.xml:42:13-45
	android:launchMode
		ADDED from src\main\AndroidManifest.xml:43:13-44
	android:theme
		ADDED from src\main\AndroidManifest.xml:45:13-46
	android:name
		ADDED from src\main\AndroidManifest.xml:41:13-63
intent-filter#android.intent.action.VIEW+android.intent.category.BROWSABLE+android.intent.category.DEFAULT
ADDED from src\main\AndroidManifest.xml:46:13-56:29
action#android.intent.action.VIEW
ADDED from src\main\AndroidManifest.xml:47:17-69
	android:name
		ADDED from src\main\AndroidManifest.xml:47:25-66
category#android.intent.category.DEFAULT
ADDED from src\main\AndroidManifest.xml:49:17-76
	android:name
		ADDED from src\main\AndroidManifest.xml:49:27-73
category#android.intent.category.BROWSABLE
ADDED from src\main\AndroidManifest.xml:50:17-78
	android:name
		ADDED from src\main\AndroidManifest.xml:50:27-75
data
ADDED from src\main\AndroidManifest.xml:52:17-55:46
	android:host
		ADDED from src\main\AndroidManifest.xml:53:21-56
	android:scheme
		ADDED from src\main\AndroidManifest.xml:55:21-43
	android:pathPrefix
		ADDED from src\main\AndroidManifest.xml:54:21-78
activity#com.dianet.efd_app.MainActivity
ADDED from src\main\AndroidManifest.xml:58:9-60:68
	android:label
		ADDED from src\main\AndroidManifest.xml:60:13-56
	android:name
		ADDED from src\main\AndroidManifest.xml:59:13-41
activity#com.dianet.efd_app.Accounts_viewActivity
ADDED from src\main\AndroidManifest.xml:61:9-63:77
	android:label
		ADDED from src\main\AndroidManifest.xml:63:13-65
	android:name
		ADDED from src\main\AndroidManifest.xml:62:13-50
activity#com.dianet.efd_app.AccountTypeDbAdapter
ADDED from src\main\AndroidManifest.xml:64:9-66:87
	android:label
		ADDED from src\main\AndroidManifest.xml:66:13-75
	android:name
		ADDED from src\main\AndroidManifest.xml:65:13-49
activity#com.dianet.efd_app.View_Entry_history
ADDED from src\main\AndroidManifest.xml:67:9-69:83
	android:label
		ADDED from src\main\AndroidManifest.xml:69:13-71
	android:name
		ADDED from src\main\AndroidManifest.xml:68:13-47
activity#com.dianet.efd_app.ListViewLoader
ADDED from src\main\AndroidManifest.xml:70:9-72:80
	android:label
		ADDED from src\main\AndroidManifest.xml:72:13-68
	android:name
		ADDED from src\main\AndroidManifest.xml:71:13-43
activity#com.dianet.efd_app.BudgetSetup
ADDED from src\main\AndroidManifest.xml:73:9-75:76
	android:label
		ADDED from src\main\AndroidManifest.xml:75:13-64
	android:name
		ADDED from src\main\AndroidManifest.xml:74:13-40
activity#com.dianet.efd_app.ArrayListTester
ADDED from src\main\AndroidManifest.xml:76:9-78:81
	android:label
		ADDED from src\main\AndroidManifest.xml:78:13-69
	android:name
		ADDED from src\main\AndroidManifest.xml:77:13-44
activity#com.dianet.efd_app.MonthlyBudgetAmountSetupMainActivity
ADDED from src\main\AndroidManifest.xml:79:9-81:96
	android:label
		ADDED from src\main\AndroidManifest.xml:81:13-84
	android:name
		ADDED from src\main\AndroidManifest.xml:80:13-65
activity#com.dianet.efd_app.BudgetDateRangeView
ADDED from src\main\AndroidManifest.xml:82:9-84:96
	android:label
		ADDED from src\main\AndroidManifest.xml:84:13-84
	android:name
		ADDED from src\main\AndroidManifest.xml:83:13-48
activity#com.dianet.efd_app.TagsByCategory
ADDED from src\main\AndroidManifest.xml:85:9-87:57
	android:label
		ADDED from src\main\AndroidManifest.xml:87:13-45
	android:name
		ADDED from src\main\AndroidManifest.xml:86:13-43
activity#com.dianet.efd_app.GetDatabaseData
ADDED from src\main\AndroidManifest.xml:88:9-62
	android:name
		ADDED from src\main\AndroidManifest.xml:88:19-50
activity#com.dianet.efd_app.UpdateAccountIntent
ADDED from src\main\AndroidManifest.xml:90:9-66
	android:name
		ADDED from src\main\AndroidManifest.xml:90:19-54
activity#com.dianet.efd_app.UpdateBudgetIntent
ADDED from src\main\AndroidManifest.xml:91:9-65
	android:name
		ADDED from src\main\AndroidManifest.xml:91:19-53
activity#com.dianet.efd_app.UpdateExpenseIntent
ADDED from src\main\AndroidManifest.xml:92:9-66
	android:name
		ADDED from src\main\AndroidManifest.xml:92:19-54
activity#com.dianet.efd_app.Date_viewActivity
ADDED from src\main\AndroidManifest.xml:93:9-64
	android:name
		ADDED from src\main\AndroidManifest.xml:93:19-52
activity#com.dianet.efd_app.BudgetViewIntent
ADDED from src\main\AndroidManifest.xml:94:9-63
	android:name
		ADDED from src\main\AndroidManifest.xml:94:19-51
activity#com.dianet.efd_app.HistoryViewIntent
ADDED from src\main\AndroidManifest.xml:95:9-64
	android:name
		ADDED from src\main\AndroidManifest.xml:95:19-52
activity#com.dianet.efd_app.HomeFragment
ADDED from src\main\AndroidManifest.xml:96:9-59
	android:name
		ADDED from src\main\AndroidManifest.xml:96:19-47
activity#com.dianet.efd_app.Navigation_drawer_start
ADDED from src\main\AndroidManifest.xml:97:9-99:76
	android:label
		ADDED from src\main\AndroidManifest.xml:99:13-64
	android:name
		ADDED from src\main\AndroidManifest.xml:98:13-52
activity#com.dianet.efd_app.HistoryFragmentDelete
ADDED from src\main\AndroidManifest.xml:100:9-68
	android:name
		ADDED from src\main\AndroidManifest.xml:100:19-56
activity#com.xxmassdeveloper.mpchartexample.BarChartActivity
ADDED from src\main\AndroidManifest.xml:101:9-103:63
	android:label
		ADDED from src\main\AndroidManifest.xml:103:13-51
	android:name
		ADDED from src\main\AndroidManifest.xml:102:13-79
activity#com.dianet.efd_app.LineChartActivity1
ADDED from src\main\AndroidManifest.xml:104:9-56
	android:name
		ADDED from src\main\AndroidManifest.xml:104:19-53
activity#com.dianet.efd_app.LineChartActivity2
ADDED from src\main\AndroidManifest.xml:105:9-56
	android:name
		ADDED from src\main\AndroidManifest.xml:105:19-53
activity#com.dianet.efd_app.MultipleChartsActivity
ADDED from src\main\AndroidManifest.xml:106:9-108:53
	android:screenOrientation
		ADDED from src\main\AndroidManifest.xml:108:13-50
	android:name
		ADDED from src\main\AndroidManifest.xml:107:13-51
activity#com.dianet.efd_app.HorizontalBarChartActivity
ADDED from src\main\AndroidManifest.xml:109:9-64
	android:name
		ADDED from src\main\AndroidManifest.xml:109:19-61
activity#com.dianet.efd_app.PieChartActivity
ADDED from src\main\AndroidManifest.xml:110:9-54
	android:name
		ADDED from src\main\AndroidManifest.xml:110:19-51
activity#com.dianet.efd_app.MultiLineChartActivity
ADDED from src\main\AndroidManifest.xml:111:9-60
	android:name
		ADDED from src\main\AndroidManifest.xml:111:19-57
activity#com.xxmassdeveloper.mpchartexample.BarChartActivityMultiDataset
ADDED from src\main\AndroidManifest.xml:112:9-114:63
	android:label
		ADDED from src\main\AndroidManifest.xml:114:13-51
	android:name
		ADDED from src\main\AndroidManifest.xml:113:13-91
activity#com.dianet.efd_app.DrawChartActivity
ADDED from src\main\AndroidManifest.xml:115:9-55
	android:name
		ADDED from src\main\AndroidManifest.xml:115:19-52
activity#com.dianet.efd_app.ScatterChartActivity
ADDED from src\main\AndroidManifest.xml:116:9-58
	android:name
		ADDED from src\main\AndroidManifest.xml:116:19-55
activity#com.xxmassdeveloper.mpchartexample.fragments.SimpleChartDemo
ADDED from src\main\AndroidManifest.xml:117:9-97
	android:name
		ADDED from src\main\AndroidManifest.xml:117:19-94
activity#com.dianet.efd_app.ListViewBarChartActivity
ADDED from src\main\AndroidManifest.xml:118:9-62
	android:name
		ADDED from src\main\AndroidManifest.xml:118:19-59
activity#com.dianet.efd_app.ListViewMultiChartActivity
ADDED from src\main\AndroidManifest.xml:119:9-64
	android:name
		ADDED from src\main\AndroidManifest.xml:119:19-61
activity#com.dianet.efd_app.StackedBarActivity
ADDED from src\main\AndroidManifest.xml:120:9-56
	android:name
		ADDED from src\main\AndroidManifest.xml:120:19-53
activity#com.dianet.efd_app.AnotherBarActivity
ADDED from src\main\AndroidManifest.xml:121:9-56
	android:name
		ADDED from src\main\AndroidManifest.xml:121:19-53
activity#com.dianet.efd_app.InvertedLineChartActivity
ADDED from src\main\AndroidManifest.xml:122:9-63
	android:name
		ADDED from src\main\AndroidManifest.xml:122:19-60
activity#com.dianet.efd_app.CandleStickChartActivity
ADDED from src\main\AndroidManifest.xml:123:9-62
	android:name
		ADDED from src\main\AndroidManifest.xml:123:19-59
activity#com.dianet.efd_app.CubicLineChartActivity
ADDED from src\main\AndroidManifest.xml:124:9-60
	android:name
		ADDED from src\main\AndroidManifest.xml:124:19-57
activity#com.dianet.efd_app.RadarChartActivitry
ADDED from src\main\AndroidManifest.xml:125:9-57
	android:name
		ADDED from src\main\AndroidManifest.xml:125:19-54
activity#com.dianet.efd_app.LineChartActivityColored
ADDED from src\main\AndroidManifest.xml:126:9-62
	android:name
		ADDED from src\main\AndroidManifest.xml:126:19-59
activity#com.dianet.efd_app.DynamicalAddingActivity
ADDED from src\main\AndroidManifest.xml:127:9-61
	android:name
		ADDED from src\main\AndroidManifest.xml:127:19-58
activity#com.dianet.efd_app.LoginActivity
ADDED from src\main\AndroidManifest.xml:128:9-51
	android:name
		ADDED from src\main\AndroidManifest.xml:128:19-48
activity#com.google.ads.AdActivity
ADDED from src\main\AndroidManifest.xml:129:9-131:125
	android:configChanges
		ADDED from src\main\AndroidManifest.xml:131:13-122
	android:name
		ADDED from src\main\AndroidManifest.xml:130:13-53
activity#com.auth0.android.provider.WebAuthActivity
ADDED from src\main\AndroidManifest.xml:132:9-134:49
	android:theme
		ADDED from src\main\AndroidManifest.xml:134:13-46
	android:name
		ADDED from src\main\AndroidManifest.xml:133:13-70